{
"/Users/ladyofsteele1/Desktop/analytics.js-integration-hotjar/lib/index.js":{"path":"/Users/ladyofsteele1/Desktop/analytics.js-integration-hotjar/lib/index.js","s":{"1":1,"2":1,"3":1,"4":1,"5":1,"6":1,"7":1,"8":1,"9":1,"10":0,"11":1,"12":1,"13":1,"14":1,"15":1,"16":1},"b":{"1":[1,1],"2":[0,0]},"f":{"1":1,"2":1,"3":1,"4":0},"fnMap":{"1":{"name":"(anonymous_1)","line":23,"loc":{"start":{"line":23,"column":30},"end":{"line":23,"column":41}}},"2":{"name":"(anonymous_2)","line":33,"loc":{"start":{"line":33,"column":24},"end":{"line":33,"column":40}}},"3":{"name":"(anonymous_3)","line":36,"loc":{"start":{"line":36,"column":7},"end":{"line":36,"column":28}}},"4":{"name":"(anonymous_4)","line":37,"loc":{"start":{"line":37,"column":19},"end":{"line":37,"column":29}}}},"statementMap":{"1":{"start":{"line":5,"column":0},"end":{"line":5,"column":63}},"2":{"start":{"line":11,"column":0},"end":{"line":15,"column":17}},"3":{"start":{"line":23,"column":0},"end":{"line":25,"column":2}},"4":{"start":{"line":24,"column":2},"end":{"line":24,"column":15}},"5":{"start":{"line":33,"column":0},"end":{"line":44,"column":2}},"6":{"start":{"line":34,"column":2},"end":{"line":34,"column":31}},"7":{"start":{"line":35,"column":2},"end":{"line":35,"column":31}},"8":{"start":{"line":36,"column":6},"end":{"line":43,"column":72}},"9":{"start":{"line":37,"column":8},"end":{"line":37,"column":67}},"10":{"start":{"line":37,"column":30},"end":{"line":37,"column":65}},"11":{"start":{"line":38,"column":8},"end":{"line":38,"column":44}},"12":{"start":{"line":39,"column":8},"end":{"line":39,"column":44}},"13":{"start":{"line":40,"column":8},"end":{"line":40,"column":36}},"14":{"start":{"line":40,"column":36},"end":{"line":40,"column":46}},"15":{"start":{"line":41,"column":8},"end":{"line":41,"column":56}},"16":{"start":{"line":42,"column":8},"end":{"line":42,"column":25}}},"branchMap":{"1":{"line":37,"type":"binary-expr","locations":[{"start":{"line":37,"column":13},"end":{"line":37,"column":17}},{"start":{"line":37,"column":19},"end":{"line":37,"column":66}}]},"2":{"line":37,"type":"binary-expr","locations":[{"start":{"line":37,"column":38},"end":{"line":37,"column":44}},{"start":{"line":37,"column":46},"end":{"line":37,"column":48}}]}},"code":["(function () { /**"," * Module dependencies."," */","","var integration = require('@segment/analytics.js-integration');","","/**"," * Expose Hotjar integration."," */","","var Hotjar = module.exports = integration('Hotjar')","  .global('hj')","  .global('_hjSettings')","  .option('hjid')","  .option('hjsv')","","/**"," * Initialize."," *"," * @api public"," */","","Hotjar.prototype.initialize = function() {","  this.ready();","};","","/**"," * Page."," *"," * @api public"," */","","Hotjar.prototype.page = function (page) {","  var hjid = this.options.hjid;","  var hjsv = this.options.hjsv;","      (function(h,o,t,j,a,r){","        h.hj=h.hj||function(){(h.hj.q=h.hj.q||[]).push(arguments)};","        h._hjSettings={hjid:hjid,hjsv:hjsv};","        a=o.getElementsByTagName('head')[0];","        r=o.createElement('script');r.async=1;","        r.src=t+h._hjSettings.hjid+j+h._hjSettings.hjsv;","        a.appendChild(r);","    })(window,document,'https://static.hotjar.com/c/hotjar-','.js?sv=');","};","}());"],"l":{"5":1,"11":1,"23":1,"24":1,"33":1,"34":1,"35":1,"36":1,"37":1,"38":1,"39":1,"40":1,"41":1,"42":1}}}
